<?xml version="1.0" encoding="UTF-8"?>
<!-- Generated by org.testng.reporters.JUnitXMLReporter -->
<testsuite hostname="DESKTOP-JIQKHJC" name="Default test" tests="1" failures="0" timestamp="12 Dec 2020 15:41:35 GMT" time="7.012" errors="0">
  <testcase name="@BeforeClass setup" time="0.0" classname="com.inetbanking.Testcases.TC_002DDTlogin">
    <failure type="org.openqa.selenium.SessionNotCreatedException" message="session not created: This version of ChromeDriver only supports Chrome version 80
Build info: version: &amp;apos;3.141.0&amp;apos;, revision: &amp;apos;2ecb7d9a&amp;apos;, time: &amp;apos;2018-10-31T20:09:30&amp;apos;
System info: host: &amp;apos;DESKTOP-JIQKHJC&amp;apos;, ip: &amp;apos;192.168.0.14&amp;apos;, os.name: &amp;apos;Windows 10&amp;apos;, os.arch: &amp;apos;x86&amp;apos;, os.version: &amp;apos;10.0&amp;apos;, java.version: &amp;apos;1.8.0_221&amp;apos;
Driver info: driver.version: ChromeDriver
remote stacktrace: Backtrace:
	Ordinal0 [0x00A30C83+1707139]
	Ordinal0 [0x009968F1+1075441]
	Ordinal0 [0x0090DFC9+516041]
	Ordinal0 [0x008A0554+66900]
	Ordinal0 [0x0089CCE2+52450]
	Ordinal0 [0x008BBFD7+180183]
	Ordinal0 [0x008BBDDD+179677]
	Ordinal0 [0x008B9D4B+171339]
	Ordinal0 [0x008A1D4A+73034]
	Ordinal0 [0x008A2DC0+77248]
	Ordinal0 [0x008A2D59+77145]
	Ordinal0 [0x009ABB67+1162087]
	GetHandleVerifier [0x00ACA966+508998]
	GetHandleVerifier [0x00ACA6A4+508292]
	GetHandleVerifier [0x00ADF7B7+594583]
	GetHandleVerifier [0x00ACB1D6+511158]
	Ordinal0 [0x009A402C+1130540]
	Ordinal0 [0x009AD4CB+1168587]
	Ordinal0 [0x009AD633+1168947]
	Ordinal0 [0x009C5B35+1268533]
	BaseThreadInitThunk [0x747F38F4+36]
	RtlUnicodeStringToInteger [0x77945DE3+595]
	RtlUnicodeStringToInteger [0x77945DAE+542]
">
      <![CDATA[org.openqa.selenium.SessionNotCreatedException: session not created: This version of ChromeDriver only supports Chrome version 80
Build info: version: '3.141.0', revision: '2ecb7d9a', time: '2018-10-31T20:09:30'
System info: host: 'DESKTOP-JIQKHJC', ip: '192.168.0.14', os.name: 'Windows 10', os.arch: 'x86', os.version: '10.0', java.version: '1.8.0_221'
Driver info: driver.version: ChromeDriver
remote stacktrace: Backtrace:
	Ordinal0 [0x00A30C83+1707139]
	Ordinal0 [0x009968F1+1075441]
	Ordinal0 [0x0090DFC9+516041]
	Ordinal0 [0x008A0554+66900]
	Ordinal0 [0x0089CCE2+52450]
	Ordinal0 [0x008BBFD7+180183]
	Ordinal0 [0x008BBDDD+179677]
	Ordinal0 [0x008B9D4B+171339]
	Ordinal0 [0x008A1D4A+73034]
	Ordinal0 [0x008A2DC0+77248]
	Ordinal0 [0x008A2D59+77145]
	Ordinal0 [0x009ABB67+1162087]
	GetHandleVerifier [0x00ACA966+508998]
	GetHandleVerifier [0x00ACA6A4+508292]
	GetHandleVerifier [0x00ADF7B7+594583]
	GetHandleVerifier [0x00ACB1D6+511158]
	Ordinal0 [0x009A402C+1130540]
	Ordinal0 [0x009AD4CB+1168587]
	Ordinal0 [0x009AD633+1168947]
	Ordinal0 [0x009C5B35+1268533]
	BaseThreadInitThunk [0x747F38F4+36]
	RtlUnicodeStringToInteger [0x77945DE3+595]
	RtlUnicodeStringToInteger [0x77945DAE+542]

	at sun.reflect.NativeConstructorAccessorImpl.newInstance0(Native Method)
	at sun.reflect.NativeConstructorAccessorImpl.newInstance(Unknown Source)
	at sun.reflect.DelegatingConstructorAccessorImpl.newInstance(Unknown Source)
	at java.lang.reflect.Constructor.newInstance(Unknown Source)
	at org.openqa.selenium.remote.W3CHandshakeResponse.lambda$errorHandler$0(W3CHandshakeResponse.java:62)
	at org.openqa.selenium.remote.HandshakeResponse.lambda$getResponseFunction$0(HandshakeResponse.java:30)
	at org.openqa.selenium.remote.ProtocolHandshake.lambda$createSession$0(ProtocolHandshake.java:123)
	at java.util.stream.ReferencePipeline$3$1.accept(Unknown Source)
	at java.util.Spliterators$ArraySpliterator.tryAdvance(Unknown Source)
	at java.util.stream.ReferencePipeline.forEachWithCancel(Unknown Source)
	at java.util.stream.AbstractPipeline.copyIntoWithCancel(Unknown Source)
	at java.util.stream.AbstractPipeline.copyInto(Unknown Source)
	at java.util.stream.AbstractPipeline.wrapAndCopyInto(Unknown Source)
	at java.util.stream.FindOps$FindOp.evaluateSequential(Unknown Source)
	at java.util.stream.AbstractPipeline.evaluate(Unknown Source)
	at java.util.stream.ReferencePipeline.findFirst(Unknown Source)
	at org.openqa.selenium.remote.ProtocolHandshake.createSession(ProtocolHandshake.java:125)
	at org.openqa.selenium.remote.ProtocolHandshake.createSession(ProtocolHandshake.java:74)
	at org.openqa.selenium.remote.HttpCommandExecutor.execute(HttpCommandExecutor.java:136)
	at org.openqa.selenium.remote.service.DriverCommandExecutor.execute(DriverCommandExecutor.java:83)
	at org.openqa.selenium.remote.RemoteWebDriver.execute(RemoteWebDriver.java:552)
	at org.openqa.selenium.remote.RemoteWebDriver.startSession(RemoteWebDriver.java:213)
	at org.openqa.selenium.remote.RemoteWebDriver.<init>(RemoteWebDriver.java:131)
	at org.openqa.selenium.chrome.ChromeDriver.<init>(ChromeDriver.java:181)
	at org.openqa.selenium.chrome.ChromeDriver.<init>(ChromeDriver.java:168)
	at org.openqa.selenium.chrome.ChromeDriver.<init>(ChromeDriver.java:123)
	at com.inetbanking.Testcases.Base.setup(Base.java:38)
	at sun.reflect.NativeMethodAccessorImpl.invoke0(Native Method)
	at sun.reflect.NativeMethodAccessorImpl.invoke(Unknown Source)
	at sun.reflect.DelegatingMethodAccessorImpl.invoke(Unknown Source)
	at java.lang.reflect.Method.invoke(Unknown Source)
	at org.testng.internal.MethodInvocationHelper.invokeMethod(MethodInvocationHelper.java:86)
	at org.testng.internal.Invoker.invokeConfigurationMethod(Invoker.java:515)
	at org.testng.internal.Invoker.invokeConfigurations(Invoker.java:216)
	at org.testng.internal.Invoker.invokeConfigurations(Invoker.java:143)
	at org.testng.internal.TestMethodWorker.invokeBeforeClassMethods(TestMethodWorker.java:178)
	at org.testng.internal.TestMethodWorker.run(TestMethodWorker.java:108)
	at org.testng.TestRunner.privateRun(TestRunner.java:778)
	at org.testng.TestRunner.run(TestRunner.java:632)
	at org.testng.SuiteRunner.runTest(SuiteRunner.java:366)
	at org.testng.SuiteRunner.runSequentially(SuiteRunner.java:361)
	at org.testng.SuiteRunner.privateRun(SuiteRunner.java:319)
	at org.testng.SuiteRunner.run(SuiteRunner.java:268)
	at org.testng.SuiteRunnerWorker.runSuite(SuiteRunnerWorker.java:52)
	at org.testng.SuiteRunnerWorker.run(SuiteRunnerWorker.java:86)
	at org.testng.TestNG.runSuitesSequentially(TestNG.java:1225)
	at org.testng.TestNG.runSuitesLocally(TestNG.java:1150)
	at org.testng.TestNG.runSuites(TestNG.java:1075)
	at org.testng.TestNG.run(TestNG.java:1047)
	at org.testng.remote.AbstractRemoteTestNG.run(AbstractRemoteTestNG.java:126)
	at org.testng.remote.RemoteTestNG.initAndRun(RemoteTestNG.java:137)
	at org.testng.remote.RemoteTestNG.main(RemoteTestNG.java:58)
]]>
    </failure>
  </testcase> <!-- @BeforeClass setup -->
  <testcase name="loginDDT" time="0.0" classname="com.inetbanking.Testcases.TC_002DDTlogin">
    <skipped/>
  </testcase> <!-- loginDDT -->
</testsuite> <!-- Default test -->
